/*C2*/SET SCHEMA PUBLIC
DELETE FROM "mendixsystem$version" WHERE "versionnumber"='4.2'
INSERT INTO "mendixsystem$version" VALUES('4.2','2019-05-02 11:12:19.103000','3.0.0','unversioned','xslt')
COMMIT
/*C3*/SET SCHEMA PUBLIC
DELETE FROM "system$userrole" WHERE "id"=3377699720527873
INSERT INTO "system$userrole" VALUES(3377699720527873,'8dd52bfa-6d7e-453b-b506-303c0a3d9567','','Administrator')
DELETE FROM "system$userrole" WHERE "id"=3377699720527874
INSERT INTO "system$userrole" VALUES(3377699720527874,'53f5d6fa-6da9-4a71-b011-454ec052cce8','','User')
COMMIT
DELETE FROM "system$timezone" WHERE "id"=3096224743817657
INSERT INTO "system$timezone" VALUES(3096224743817657,'(GMT+04:00) Volgograd',14400000,'Europe/Volgograd')
DELETE FROM "system$timezone" WHERE "id"=3096224743817437
INSERT INTO "system$timezone" VALUES(3096224743817437,'(GMT+08:00) Casey',28800000,'Antarctica/Casey')
DELETE FROM "system$timezone" WHERE "id"=3096224743817270
INSERT INTO "system$timezone" VALUES(3096224743817270,'(GMT+02:00) Windhoek',7200000,'Africa/Windhoek')
DELETE FROM "system$timezone" WHERE "id"=3096224743817231
INSERT INTO "system$timezone" VALUES(3096224743817231,'(GMT+01:00) Casablanca',3600000,'Africa/Casablanca')
DELETE FROM "system$timezone" WHERE "id"=3096224743817245
INSERT INTO "system$timezone" VALUES(3096224743817245,'(GMT+02:00) Khartoum',7200000,'Africa/Khartoum')
DELETE FROM "system$timezone" WHERE "id"=3096224743817238
INSERT INTO "system$timezone" VALUES(3096224743817238,'(GMT+01:00) El Aaiun',3600000,'Africa/El_Aaiun')
DELETE FROM "system$timezone" WHERE "id"=3096224743817266
INSERT INTO "system$timezone" VALUES(3096224743817266,'(GMT+01:00) Sao Tome',3600000,'Africa/Sao_Tome')
DELETE FROM "system$timezone" WHERE "id"=3096224743817516
INSERT INTO "system$timezone" VALUES(3096224743817516,'(GMT+09:00) Pyongyang',32400000,'Asia/Pyongyang')
DELETE FROM "system$timezone" WHERE "id"=3096224743817334
INSERT INTO "system$timezone" VALUES(3096224743817334,'(GMT-05:00) Grand Turk',-18000000,'America/Grand_Turk')
DELETE FROM "system$timezone" WHERE "id"=3096224743817479
INSERT INTO "system$timezone" VALUES(3096224743817479,'(GMT+02:00) Famagusta',7200000,'Asia/Famagusta')
COMMIT
DELETE FROM "mendixsystem$properties" WHERE "key"='Mendix.Runtime.DeploymentID'
INSERT INTO "mendixsystem$properties" VALUES('Mendix.Runtime.DeploymentID','636923988021013458')
COMMIT
DELETE FROM "system$session" WHERE "id"=3940649673949485
DELETE FROM "system$session_user" WHERE "system$sessionid"=3940649673949485 AND "system$userid"=562949953421613
COMMIT
DELETE FROM "mendixsystem$entityidentifier" WHERE "id"='d4154981-8dac-4150-aec5-efa3ef62a7a2'
INSERT INTO "mendixsystem$entityidentifier" VALUES('d4154981-8dac-4150-aec5-efa3ef62a7a2',3,501)
COMMIT
INSERT INTO "system$xasinstance" VALUES(844424930132369,'48509ea0-2845-41b4-94c0-0530a073c13f','2019-05-02 12:01:47.309000','2019-05-02 12:01:47.270000',NULL,NULL,NULL)
COMMIT
/*C2*/DELETE FROM "mendixsystem$entityidentifier" WHERE "id"='282e2e60-88a5-469d-84a5-ba8d9151644f'
INSERT INTO "mendixsystem$entityidentifier" VALUES('282e2e60-88a5-469d-84a5-ba8d9151644f',2,501)
COMMIT
INSERT INTO "system$user" VALUES(562949953421713,'2019-05-02 12:01:57.339000',TRUE,'2019-05-02 12:01:57.339000','2019-05-02 12:01:57.556000',FALSE,TRUE,0,FALSE,'Anonymous_886c16b7-5d62-4b8a-aa6c-8387fec17f90','{BCrypt}$2a$10$l7tEBxnUOTbeMIblATeKTuzqk0mttApd4k2NRHzBNqBZSFgLxKsTy','System.User',NULL,562949953421713)
INSERT INTO "system$userroles" VALUES(562949953421713,3377699720527873)
INSERT INTO "system$user_language" VALUES(562949953421713,5348024557502465)
COMMIT
DELETE FROM "system$user" WHERE "id"=562949953421713
INSERT INTO "system$user" VALUES(562949953421713,'2019-05-02 12:01:57.339000',TRUE,'2019-05-02 12:01:57.339000','2019-05-02 12:01:57.610000',FALSE,TRUE,0,FALSE,'Anonymous_886c16b7-5d62-4b8a-aa6c-8387fec17f90','{BCrypt}$2a$10$l7tEBxnUOTbeMIblATeKTuzqk0mttApd4k2NRHzBNqBZSFgLxKsTy','System.User',NULL,562949953421713)
COMMIT
DELETE FROM "mendixsystem$entityidentifier" WHERE "id"='37f9fd49-5318-4c63-9a51-f761779b202f'
INSERT INTO "mendixsystem$entityidentifier" VALUES('37f9fd49-5318-4c63-9a51-f761779b202f',14,501)
COMMIT
INSERT INTO "system$session" VALUES(3940649673949585,'6ab4f619-343d-43b0-8e3a-ed5afa9fd916','2019-05-02 12:01:57.693000','f943ae41-e237-42da-a677-89fbf0d77c83','2019-05-02 12:01:57.694000','1c9a96b0-cd9b-431a-b21d-cf654094e404')
INSERT INTO "system$session_user" VALUES(3940649673949585,562949953421713)
COMMIT
/*C4*/SET SCHEMA PUBLIC
DELETE FROM "mendixsystem$entityidentifier" WHERE "id"='fa33347a-4efc-416d-8ca0-849edbf5a959'
INSERT INTO "mendixsystem$entityidentifier" VALUES('fa33347a-4efc-416d-8ca0-849edbf5a959',13,501)
COMMIT
/*C2*/DELETE FROM "system$xasinstance" WHERE "id"=844424930132369
INSERT INTO "system$xasinstance" VALUES(844424930132369,'48509ea0-2845-41b4-94c0-0530a073c13f','2019-05-02 12:01:47.309000','2019-05-02 12:06:47.381000',NULL,NULL,NULL)
COMMIT
DELETE FROM "system$session" WHERE "id"=3940649673949585
INSERT INTO "system$session" VALUES(3940649673949585,'6ab4f619-343d-43b0-8e3a-ed5afa9fd916','2019-05-02 12:01:57.693000','f943ae41-e237-42da-a677-89fbf0d77c83','2019-05-02 12:06:10.160000','1c9a96b0-cd9b-431a-b21d-cf654094e404')
COMMIT
DELETE FROM "mendixsystem$entityidentifier" WHERE "id"='4beaee07-595a-4371-bbe4-7d86875f0ebb'
INSERT INTO "mendixsystem$entityidentifier" VALUES('4beaee07-595a-4371-bbe4-7d86875f0ebb',7,201)
COMMIT
DELETE FROM "system$xasinstance" WHERE "id"=844424930132369
INSERT INTO "system$xasinstance" VALUES(844424930132369,'48509ea0-2845-41b4-94c0-0530a073c13f','2019-05-02 12:01:47.309000','2019-05-02 12:11:47.436000',NULL,NULL,NULL)
COMMIT
/*C5*/SET SCHEMA PUBLIC
DELETE FROM "system$session" WHERE "id"=3940649673949585
INSERT INTO "system$session" VALUES(3940649673949585,'6ab4f619-343d-43b0-8e3a-ed5afa9fd916','2019-05-02 12:01:57.693000','f943ae41-e237-42da-a677-89fbf0d77c83','2019-05-02 12:11:10.592000','1c9a96b0-cd9b-431a-b21d-cf654094e404')
COMMIT
/*C7*/SET SCHEMA PUBLIC
DELETE FROM "system$xasinstance" WHERE "id"=844424930132369
INSERT INTO "system$xasinstance" VALUES(844424930132369,'48509ea0-2845-41b4-94c0-0530a073c13f','2019-05-02 12:01:47.309000','2019-05-02 12:16:47.534000',NULL,NULL,NULL)
COMMIT
/*C5*/DELETE FROM "system$session" WHERE "id"=3940649673949585
INSERT INTO "system$session" VALUES(3940649673949585,'6ab4f619-343d-43b0-8e3a-ed5afa9fd916','2019-05-02 12:01:57.693000','f943ae41-e237-42da-a677-89fbf0d77c83','2019-05-02 12:16:10.616000','1c9a96b0-cd9b-431a-b21d-cf654094e404')
COMMIT
/*C6*/SET SCHEMA PUBLIC
DISCONNECT
/*C5*/DELETE FROM "system$xasinstance" WHERE "id"=844424930132369
INSERT INTO "system$xasinstance" VALUES(844424930132369,'48509ea0-2845-41b4-94c0-0530a073c13f','2019-05-02 12:01:47.309000','2019-05-02 12:21:47.565000',NULL,NULL,NULL)
COMMIT
/*C7*/DELETE FROM "system$session" WHERE "id"=3940649673949585
INSERT INTO "system$session" VALUES(3940649673949585,'6ab4f619-343d-43b0-8e3a-ed5afa9fd916','2019-05-02 12:01:57.693000','f943ae41-e237-42da-a677-89fbf0d77c83','2019-05-02 12:21:10.937000','1c9a96b0-cd9b-431a-b21d-cf654094e404')
COMMIT
/*C2*/DISCONNECT
/*C5*/DELETE FROM "system$xasinstance" WHERE "id"=844424930132369
INSERT INTO "system$xasinstance" VALUES(844424930132369,'48509ea0-2845-41b4-94c0-0530a073c13f','2019-05-02 12:01:47.309000','2019-05-02 12:26:47.587000',NULL,NULL,NULL)
COMMIT
DELETE FROM "system$session" WHERE "id"=3940649673949585
INSERT INTO "system$session" VALUES(3940649673949585,'6ab4f619-343d-43b0-8e3a-ed5afa9fd916','2019-05-02 12:01:57.693000','f943ae41-e237-42da-a677-89fbf0d77c83','2019-05-02 12:26:10.613000','1c9a96b0-cd9b-431a-b21d-cf654094e404')
COMMIT
/*C4*/DISCONNECT
/*C3*/DELETE FROM "system$xasinstance" WHERE "id"=844424930132369
INSERT INTO "system$xasinstance" VALUES(844424930132369,'48509ea0-2845-41b4-94c0-0530a073c13f','2019-05-02 12:01:47.309000','2019-05-02 12:31:47.627000',NULL,NULL,NULL)
COMMIT
DELETE FROM "system$session" WHERE "id"=3940649673949585
INSERT INTO "system$session" VALUES(3940649673949585,'6ab4f619-343d-43b0-8e3a-ed5afa9fd916','2019-05-02 12:01:57.693000','f943ae41-e237-42da-a677-89fbf0d77c83','2019-05-02 12:31:10.626000','1c9a96b0-cd9b-431a-b21d-cf654094e404')
COMMIT
/*C7*/DISCONNECT
/*C3*/DELETE FROM "system$xasinstance" WHERE "id"=844424930132369
INSERT INTO "system$xasinstance" VALUES(844424930132369,'48509ea0-2845-41b4-94c0-0530a073c13f','2019-05-02 12:01:47.309000','2019-05-02 12:36:47.678000',NULL,NULL,NULL)
COMMIT
DELETE FROM "system$session" WHERE "id"=3940649673949585
INSERT INTO "system$session" VALUES(3940649673949585,'6ab4f619-343d-43b0-8e3a-ed5afa9fd916','2019-05-02 12:01:57.693000','f943ae41-e237-42da-a677-89fbf0d77c83','2019-05-02 12:36:17.284000','1c9a96b0-cd9b-431a-b21d-cf654094e404')
COMMIT
/*C8*/SET SCHEMA PUBLIC
DELETE FROM "system$xasinstance" WHERE "id"=844424930132369
INSERT INTO "system$xasinstance" VALUES(844424930132369,'48509ea0-2845-41b4-94c0-0530a073c13f','2019-05-02 12:01:47.309000','2019-05-02 12:41:47.703000',NULL,NULL,NULL)
COMMIT
DELETE FROM "system$session" WHERE "id"=3940649673949585
INSERT INTO "system$session" VALUES(3940649673949585,'6ab4f619-343d-43b0-8e3a-ed5afa9fd916','2019-05-02 12:01:57.693000','f943ae41-e237-42da-a677-89fbf0d77c83','2019-05-02 12:41:10.626000','1c9a96b0-cd9b-431a-b21d-cf654094e404')
COMMIT
/*C3*/DELETE FROM "system$xasinstance" WHERE "id"=844424930132369
INSERT INTO "system$xasinstance" VALUES(844424930132369,'48509ea0-2845-41b4-94c0-0530a073c13f','2019-05-02 12:01:47.309000','2019-05-02 12:46:47.726000',NULL,NULL,NULL)
COMMIT
DELETE FROM "system$session" WHERE "id"=3940649673949585
INSERT INTO "system$session" VALUES(3940649673949585,'6ab4f619-343d-43b0-8e3a-ed5afa9fd916','2019-05-02 12:01:57.693000','f943ae41-e237-42da-a677-89fbf0d77c83','2019-05-02 12:46:10.642000','1c9a96b0-cd9b-431a-b21d-cf654094e404')
COMMIT
